<?xml version="1.0" encoding="UTF-8"?>
<testng-results ignored="1" total="2" passed="1" failed="0" skipped="0">
  <reporter-output>
    <line>
      <![CDATA[Navigating to http://localhost/liquor/index.php]]>
    </line>
  </reporter-output>
  <suite started-at="2023-05-27T02:56:24 GMT" name="Suite" finished-at="2023-05-27T02:56:28 GMT" duration-ms="4180">
    <groups>
    </groups>
    <test started-at="2023-05-27T02:56:24 GMT" name="Test" finished-at="2023-05-27T02:56:28 GMT" duration-ms="4180">
      <class name="TestFiles.TestFile">
        <test-method is-config="true" signature="beforeMethod()[pri:0, instance:TestFiles.TestFile@2abf4075]" started-at="2023-05-27T02:56:24 GMT" name="beforeMethod" finished-at="2023-05-27T02:56:26 GMT" duration-ms="1872" status="PASS">
          <reporter-output>
          </reporter-output>
        </test-method> <!-- beforeMethod -->
        <test-method signature="test002(java.lang.String,java.lang.String,java.lang.String,java.lang.String,java.lang.String,java.lang.String,java.lang.String,java.lang.String,java.lang.String,java.lang.String,java.lang.String)[pri:0, instance:TestFiles.TestFile@2abf4075]" started-at="2023-05-27T02:56:26 GMT" name="test002" data-provider="dt_test002" finished-at="2023-05-27T02:56:28 GMT" duration-ms="1958" status="PASS">
          <params>
            <param index="0">
              <value>
                <![CDATA[smil]]>
              </value>
            </param>
            <param index="1">
              <value>
                <![CDATA[Wikarmarathna]]>
              </value>
            </param>
            <param index="2">
              <value>
                <![CDATA[SASIDU]]>
              </value>
            </param>
            <param index="3">
              <value>
                <![CDATA[amila35@gmail.com]]>
              </value>
            </param>
            <param index="4">
              <value>
                <![CDATA[075735555]]>
              </value>
            </param>
            <param index="5">
              <value>
                <![CDATA[Homagama]]>
              </value>
            </param>
            <param index="6">
              <value>
                <![CDATA[1997]]>
              </value>
            </param>
            <param index="7">
              <value>
                <![CDATA[Female]]>
              </value>
            </param>
            <param index="8">
              <value>
                <![CDATA[123]]>
              </value>
            </param>
            <param index="9">
              <value>
                <![CDATA[123]]>
              </value>
            </param>
            <param index="10">
              <value>
                <![CDATA[WINE]]>
              </value>
            </param>
          </params>
          <reporter-output>
            <line>
              <![CDATA[Navigating to http://localhost/liquor/index.php]]>
            </line>
          </reporter-output>
        </test-method> <!-- test002 -->
        <test-method is-config="true" signature="afterMethod()[pri:0, instance:TestFiles.TestFile@2abf4075]" started-at="2023-05-27T02:56:28 GMT" name="afterMethod" finished-at="2023-05-27T02:56:28 GMT" duration-ms="291" status="PASS">
          <reporter-output>
          </reporter-output>
        </test-method> <!-- afterMethod -->
      </class> <!-- TestFiles.TestFile -->
    </test> <!-- Test -->
  </suite> <!-- Suite -->
</testng-results>
